  lista.cpp
  module.cpp
E:\Desktop\Cpp\logic_gate_simulation\wire.h(6,11): error C2065: 'port_t': undeclared identifier
E:\Desktop\Cpp\logic_gate_simulation\wire.h(6,18): error C2059: syntax error: '>'
E:\Desktop\Cpp\logic_gate_simulation\wire.h(9,14): error C2061: syntax error: identifier 'port_t'
  nharamkor_vs.cpp
E:\Desktop\Cpp\logic_gate_simulation\nharamkor_vs.cpp(183,26): error C2039: 'get_in_num': is not a member of 'module_t'
E:\Desktop\Cpp\logic_gate_simulation\module.h(12): message : see declaration of 'module_t'
E:\Desktop\Cpp\logic_gate_simulation\nharamkor_vs.cpp(184,27): error C2039: 'get_out_num': is not a member of 'module_t'
E:\Desktop\Cpp\logic_gate_simulation\module.h(12): message : see declaration of 'module_t'
E:\Desktop\Cpp\logic_gate_simulation\nharamkor_vs.cpp(287,32): error C2061: syntax error: identifier 'wire_t'
E:\Desktop\Cpp\logic_gate_simulation\nharamkor_vs.cpp(292,5): error C2065: 'number': undeclared identifier
E:\Desktop\Cpp\logic_gate_simulation\nharamkor_vs.cpp(294,64): error C2065: 'mods': undeclared identifier
E:\Desktop\Cpp\logic_gate_simulation\nharamkor_vs.cpp(294,70): error C2065: 'number': undeclared identifier
E:\Desktop\Cpp\logic_gate_simulation\nharamkor_vs.cpp(297,30): error C2065: 'w_inputs': undeclared identifier
E:\Desktop\Cpp\logic_gate_simulation\nharamkor_vs.cpp(298,17): error C2065: 'w_inputs': undeclared identifier
E:\Desktop\Cpp\logic_gate_simulation\nharamkor_vs.cpp(299,17): error C2065: 'wait_to_do_wires': undeclared identifier
E:\Desktop\Cpp\logic_gate_simulation\nharamkor_vs.cpp(299,40): error C2065: 'w_inputs': undeclared identifier
E:\Desktop\Cpp\logic_gate_simulation\nharamkor_vs.cpp(361,25): error C2039: 'get_in_num': is not a member of 'module_t'
E:\Desktop\Cpp\logic_gate_simulation\module.h(12): message : see declaration of 'module_t'
E:\Desktop\Cpp\logic_gate_simulation\nharamkor_vs.cpp(362,26): error C2039: 'get_out_num': is not a member of 'module_t'
E:\Desktop\Cpp\logic_gate_simulation\module.h(12): message : see declaration of 'module_t'
E:\Desktop\Cpp\logic_gate_simulation\nharamkor_vs.cpp(376,63): error C2039: 'get_in_ertek': is not a member of 'module_t'
E:\Desktop\Cpp\logic_gate_simulation\module.h(12): message : see declaration of 'module_t'
E:\Desktop\Cpp\logic_gate_simulation\nharamkor_vs.cpp(378,64): error C2039: 'get_out_ertek': is not a member of 'module_t'
E:\Desktop\Cpp\logic_gate_simulation\module.h(12): message : see declaration of 'module_t'
E:\Desktop\Cpp\logic_gate_simulation\nharamkor_vs.cpp(388,38): error C2061: syntax error: identifier 'wire_t'
E:\Desktop\Cpp\logic_gate_simulation\nharamkor_vs.cpp(397,36): error C2061: syntax error: identifier 'wire_t'
E:\Desktop\Cpp\logic_gate_simulation\nharamkor_vs.cpp(398,43): error C2065: 'modulok': undeclared identifier
E:\Desktop\Cpp\logic_gate_simulation\nharamkor_vs.cpp(399,20): error C2065: 'modulok': undeclared identifier
E:\Desktop\Cpp\logic_gate_simulation\nharamkor_vs.cpp(399,28): error C2065: 'modulok': undeclared identifier
E:\Desktop\Cpp\logic_gate_simulation\nharamkor_vs.cpp(401,13): error C2065: 'm_main': undeclared identifier
E:\Desktop\Cpp\logic_gate_simulation\nharamkor_vs.cpp(401,22): error C2065: 'modulok': undeclared identifier
E:\Desktop\Cpp\logic_gate_simulation\nharamkor_vs.cpp(401,30): error C2065: 'modulok': undeclared identifier
E:\Desktop\Cpp\logic_gate_simulation\nharamkor_vs.cpp(402,36): error C2065: 'm_main': undeclared identifier
E:\Desktop\Cpp\logic_gate_simulation\nharamkor_vs.cpp(403,17): error C2065: 'm_main': undeclared identifier
E:\Desktop\Cpp\logic_gate_simulation\nharamkor_vs.cpp(403,41): error C2061: syntax error: identifier 'wire_t'
E:\Desktop\Cpp\logic_gate_simulation\nharamkor_vs.cpp(404,36): error C2065: 'm_main': undeclared identifier
E:\Desktop\Cpp\logic_gate_simulation\nharamkor_vs.cpp(405,17): error C2065: 'w_inputs': undeclared identifier
E:\Desktop\Cpp\logic_gate_simulation\nharamkor_vs.cpp(405,33): error C2065: 'm_main': undeclared identifier
E:\Desktop\Cpp\logic_gate_simulation\nharamkor_vs.cpp(420,34): error C2061: syntax error: identifier 'wire_t'
E:\Desktop\Cpp\logic_gate_simulation\nharamkor_vs.cpp(427,28): error C2065: 'w_inputs': undeclared identifier
E:\Desktop\Cpp\logic_gate_simulation\nharamkor_vs.cpp(427,38): error C2065: 'wait_to_do_wires': undeclared identifier
E:\Desktop\Cpp\logic_gate_simulation\nharamkor_vs.cpp(427,56): error C2065: 'mods': undeclared identifier
E:\Desktop\Cpp\logic_gate_simulation\nharamkor_vs.cpp(427,62): error C2065: 'modulok': undeclared identifier
E:\Desktop\Cpp\logic_gate_simulation\nharamkor_vs.cpp(427,71): error C2065: 'm_main': undeclared identifier
E:\Desktop\Cpp\logic_gate_simulation\nharamkor_vs.cpp(427,79): error C2065: 'insts': undeclared identifier
E:\Desktop\Cpp\logic_gate_simulation\nharamkor_vs.cpp(465,32): error C2061: syntax error: identifier 'wire_t'
E:\Desktop\Cpp\logic_gate_simulation\nharamkor_vs.cpp(467,29): error C2065: 'w_inputs': undeclared identifier
E:\Desktop\Cpp\logic_gate_simulation\nharamkor_vs.cpp(467,39): error C2065: 'wait_to_do_wires': undeclared identifier
E:\Desktop\Cpp\logic_gate_simulation\nharamkor_vs.cpp(467,57): error C2065: 'mods': undeclared identifier
E:\Desktop\Cpp\logic_gate_simulation\nharamkor_vs.cpp(468,10): error C2065: 'mods': undeclared identifier
E:\Desktop\Cpp\logic_gate_simulation\nharamkor_vs.cpp(469,9): error C2065: 'mods': undeclared identifier
E:\Desktop\Cpp\logic_gate_simulation\nharamkor_vs.cpp(474,16): error C2065: 'wait_to_do_wires': undeclared identifier
E:\Desktop\Cpp\logic_gate_simulation\nharamkor_vs.cpp(475,13): error C2065: 'wait_to_do_wires': undeclared identifier
E:\Desktop\Cpp\logic_gate_simulation\nharamkor_vs.cpp(476,13): error C2065: 'wait_to_do_wires': undeclared identifier
E:\Desktop\Cpp\logic_gate_simulation\nharamkor_vs.cpp(479,48): error C2065: 'wait_to_do_wires': undeclared identifier
E:\Desktop\Cpp\logic_gate_simulation\nharamkor_vs.cpp(482,14): error C2065: 'mods': undeclared identifier
E:\Desktop\Cpp\logic_gate_simulation\nharamkor_vs.cpp(483,19): error C2065: 'm_main': undeclared identifier
E:\Desktop\Cpp\logic_gate_simulation\nharamkor_vs.cpp(485,10): error C2065: 'mods': undeclared identifier
E:\Desktop\Cpp\logic_gate_simulation\nharamkor_vs.cpp(486,15): error C2065: 'm_main': undeclared identifier
E:\Desktop\Cpp\logic_gate_simulation\nharamkor_vs.cpp(501,38): error C2061: syntax error: identifier 'wire_t'
E:\Desktop\Cpp\logic_gate_simulation\nharamkor_vs.cpp(502,10): error C2065: 'mods': undeclared identifier
E:\Desktop\Cpp\logic_gate_simulation\nharamkor_vs.cpp(505,5): error C2065: 'insts': undeclared identifier
E:\Desktop\Cpp\logic_gate_simulation\nharamkor_vs.cpp(507,33): error C2065: 'w_inputs': undeclared identifier
E:\Desktop\Cpp\logic_gate_simulation\nharamkor_vs.cpp(507,43): error C2065: 'modulok': undeclared identifier
E:\Desktop\Cpp\logic_gate_simulation\nharamkor_vs.cpp(507,52): error C2065: 'm_main': undeclared identifier
E:\Desktop\Cpp\logic_gate_simulation\nharamkor_vs.cpp(510,31): error C2065: 'w_inputs': undeclared identifier
E:\Desktop\Cpp\logic_gate_simulation\nharamkor_vs.cpp(510,41): error C2065: 'wait_to_do_wires': undeclared identifier
E:\Desktop\Cpp\logic_gate_simulation\nharamkor_vs.cpp(510,59): error C2065: 'mods': undeclared identifier
E:\Desktop\Cpp\logic_gate_simulation\nharamkor_vs.cpp(510,65): error C2065: 'modulok': undeclared identifier
E:\Desktop\Cpp\logic_gate_simulation\nharamkor_vs.cpp(510,74): error C2065: 'm_main': undeclared identifier
E:\Desktop\Cpp\logic_gate_simulation\nharamkor_vs.cpp(510,82): error C2065: 'insts': undeclared identifier
E:\Desktop\Cpp\logic_gate_simulation\nharamkor_vs.cpp(513,32): error C2065: 'insts': undeclared identifier
E:\Desktop\Cpp\logic_gate_simulation\nharamkor_vs.cpp(516,33): error C2065: 'w_inputs': undeclared identifier
E:\Desktop\Cpp\logic_gate_simulation\nharamkor_vs.cpp(516,43): error C2065: 'wait_to_do_wires': undeclared identifier
E:\Desktop\Cpp\logic_gate_simulation\nharamkor_vs.cpp(516,61): error C2065: 'mods': undeclared identifier
E:\Desktop\Cpp\logic_gate_simulation\nharamkor_vs.cpp(516,67): error C2065: 'm_main': undeclared identifier
E:\Desktop\Cpp\logic_gate_simulation\nharamkor_vs.cpp(528,5): error C2065: 'wire_t': undeclared identifier
E:\Desktop\Cpp\logic_gate_simulation\nharamkor_vs.cpp(528,12): error C2146: syntax error: missing ';' before identifier 'inputs'
E:\Desktop\Cpp\logic_gate_simulation\nharamkor_vs.cpp(528,12): error C2065: 'inputs': undeclared identifier
E:\Desktop\Cpp\logic_gate_simulation\nharamkor_vs.cpp(529,11): error C2065: 'wire_t': undeclared identifier
E:\Desktop\Cpp\logic_gate_simulation\nharamkor_vs.cpp(529,18): error C2059: syntax error: '>'
E:\Desktop\Cpp\logic_gate_simulation\nharamkor_vs.cpp(533,33): error C2065: 'inputs': undeclared identifier
  port.cpp
E:\Desktop\Cpp\logic_gate_simulation\port.cpp(10,14): error C2039: 'setin': is not a member of 'module_t'
E:\Desktop\Cpp\logic_gate_simulation\module.h(12): message : see declaration of 'module_t'
  text_module.cpp
E:\Desktop\Cpp\logic_gate_simulation\text_module.cpp(236,57): error C2660: 'module_t::set_be': function does not take 3 arguments
E:\Desktop\Cpp\logic_gate_simulation\module.h(23,18): message : see declaration of 'module_t::set_be'
  wire.cpp
E:\Desktop\Cpp\logic_gate_simulation\wire.h(6,11): error C2065: 'port_t': undeclared identifier
E:\Desktop\Cpp\logic_gate_simulation\wire.h(6,18): error C2059: syntax error: '>'
E:\Desktop\Cpp\logic_gate_simulation\wire.h(9,14): error C2061: syntax error: identifier 'port_t'
E:\Desktop\Cpp\logic_gate_simulation\wire.cpp(21,21): error C2039: 'tri_mods': is not a member of 'module_t'
E:\Desktop\Cpp\logic_gate_simulation\module.h(12): message : see declaration of 'module_t'
E:\Desktop\Cpp\logic_gate_simulation\wire.cpp(51,34): error C2511: 'void wire_t::add(port_t *)': overloaded member function not found in 'wire_t'
E:\Desktop\Cpp\logic_gate_simulation\wire.h(4): message : see declaration of 'wire_t'
